{"name": "Проверка, что номер заказа пользователя из истории заказов есть в листе заказов", "status": "broken", "statusDetails": {"message": "selenium.common.exceptions.ElementClickInterceptedException: Message: element click intercepted: Element <button type=\"button\" class=\"Modal_modal__close_modified__3V5XS Modal_modal__close__TnseK\">...</button> is not clickable at point (1258, 211). Other element would receive the click: <div class=\"Modal_modal_overlay__x2ZCr\"></div>\n  (Session info: chrome=126.0.6478.183)\nStacktrace:\n\tGetHandleVerifier [0x00007FF65B96EEB2+31554]\n\t(No symbol) [0x00007FF65B8E7EE9]\n\t(No symbol) [0x00007FF65B7A872A]\n\t(No symbol) [0x00007FF65B80012E]\n\t(No symbol) [0x00007FF65B7FDAF2]\n\t(No symbol) [0x00007FF65B7FAF8B]\n\t(No symbol) [0x00007FF65B7FA156]\n\t(No symbol) [0x00007FF65B7EC151]\n\t(No symbol) [0x00007FF65B81D02A]\n\t(No symbol) [0x00007FF65B7EBA76]\n\t(No symbol) [0x00007FF65B81D240]\n\t(No symbol) [0x00007FF65B83C977]\n\t(No symbol) [0x00007FF65B81CDD3]\n\t(No symbol) [0x00007FF65B7EA33B]\n\t(No symbol) [0x00007FF65B7EAED1]\n\tGetHandleVerifier [0x00007FF65BC78B2D+3217341]\n\tGetHandleVerifier [0x00007FF65BCC5AF3+3532675]\n\tGetHandleVerifier [0x00007FF65BCBB0F0+3489152]\n\tGetHandleVerifier [0x00007FF65BA1E786+750614]\n\t(No symbol) [0x00007FF65B8F376F]\n\t(No symbol) [0x00007FF65B8EEB24]\n\t(No symbol) [0x00007FF65B8EECB2]\n\t(No symbol) [0x00007FF65B8DE17F]\n\tBaseThreadInitThunk [0x00007FFA7924257D+29]\n\tRtlUserThreadStart [0x00007FFA7A3CAF28+40]", "trace": "self = <test_order_page.TestOrderPage object at 0x0000028F79FA33E0>, driver = <selenium.webdriver.chrome.webdriver.WebDriver (session=\"2be7058b019331afa8409657486b5814\")>\n\n    @allure.title(\"Проверка, что номер заказа пользователя из истории заказов есть в листе заказов\")\n    def test_put_user_order_to_order_list(self, driver):\n        order_page = OrderPage(driver)\n        order_page.create_order()\n>       number_of_user_order = order_page.search_number_of_order()\n\ntests\\test_order_page.py:19: \n_ _ _ _ _ _ _ _ _ _ _ _ _ _ _ _ _ _ _ _ _ _ _ _ _ _ _ _ _ _ _ _ _ _ _ _ _ _ _ _ _ _ _ _ _ _ _ _ _ _ _ _ _ _ _ _ _ _ _ _ _ _ _ _ _ _ _ _ _ _ _ _ _ _ _ _ _ _ _ _ _ _ _ _ _ _ _ _ _ _ _ _ _ _ _ _ _ _ _ _ _ _ _ _ _ _ _ _ _ _ _ _ _ _\npages\\order_page.py:44: in search_number_of_order\n    self.click_on_element(OrderPageLocators.EXIT_WINDOW_ORDER_INFORMATION)\npages\\base_page.py:26: in click_on_element\n    return filter_field.click()\n.venv\\Lib\\site-packages\\selenium\\webdriver\\remote\\webelement.py:94: in click\n    self._execute(Command.CLICK_ELEMENT)\n.venv\\Lib\\site-packages\\selenium\\webdriver\\remote\\webelement.py:395: in _execute\n    return self._parent.execute(command, params)\n.venv\\Lib\\site-packages\\selenium\\webdriver\\remote\\webdriver.py:354: in execute\n    self.error_handler.check_response(response)\n_ _ _ _ _ _ _ _ _ _ _ _ _ _ _ _ _ _ _ _ _ _ _ _ _ _ _ _ _ _ _ _ _ _ _ _ _ _ _ _ _ _ _ _ _ _ _ _ _ _ _ _ _ _ _ _ _ _ _ _ _ _ _ _ _ _ _ _ _ _ _ _ _ _ _ _ _ _ _ _ _ _ _ _ _ _ _ _ _ _ _ _ _ _ _ _ _ _ _ _ _ _ _ _ _ _ _ _ _ _ _ _ _ _\n\nself = <selenium.webdriver.remote.errorhandler.ErrorHandler object at 0x0000028F7A4C8AA0>\nresponse = {'status': 400, 'value': '{\"value\":{\"error\":\"element click intercepted\",\"message\":\"element click intercepted: Element ...07FF65B8DE17F]\\\\n\\\\tBaseThreadInitThunk [0x00007FFA7924257D+29]\\\\n\\\\tRtlUserThreadStart [0x00007FFA7A3CAF28+40]\\\\n\"}}'}\n\n    def check_response(self, response: Dict[str, Any]) -> None:\n        \"\"\"Checks that a JSON response from the WebDriver does not have an\n        error.\n    \n        :Args:\n         - response - The JSON response from the WebDriver server as a dictionary\n           object.\n    \n        :Raises: If the response contains an error message.\n        \"\"\"\n        status = response.get(\"status\", None)\n        if not status or status == ErrorCode.SUCCESS:\n            return\n        value = None\n        message = response.get(\"message\", \"\")\n        screen: str = response.get(\"screen\", \"\")\n        stacktrace = None\n        if isinstance(status, int):\n            value_json = response.get(\"value\", None)\n            if value_json and isinstance(value_json, str):\n                import json\n    \n                try:\n                    value = json.loads(value_json)\n                    if len(value) == 1:\n                        value = value[\"value\"]\n                    status = value.get(\"error\", None)\n                    if not status:\n                        status = value.get(\"status\", ErrorCode.UNKNOWN_ERROR)\n                        message = value.get(\"value\") or value.get(\"message\")\n                        if not isinstance(message, str):\n                            value = message\n                            message = message.get(\"message\")\n                    else:\n                        message = value.get(\"message\", None)\n                except ValueError:\n                    pass\n    \n        exception_class: Type[WebDriverException]\n        e = ErrorCode()\n        error_codes = [item for item in dir(e) if not item.startswith(\"__\")]\n        for error_code in error_codes:\n            error_info = getattr(ErrorCode, error_code)\n            if isinstance(error_info, list) and status in error_info:\n                exception_class = getattr(ExceptionMapping, error_code, WebDriverException)\n                break\n        else:\n            exception_class = WebDriverException\n    \n        if not value:\n            value = response[\"value\"]\n        if isinstance(value, str):\n            raise exception_class(value)\n        if message == \"\" and \"message\" in value:\n            message = value[\"message\"]\n    \n        screen = None  # type: ignore[assignment]\n        if \"screen\" in value:\n            screen = value[\"screen\"]\n    \n        stacktrace = None\n        st_value = value.get(\"stackTrace\") or value.get(\"stacktrace\")\n        if st_value:\n            if isinstance(st_value, str):\n                stacktrace = st_value.split(\"\\n\")\n            else:\n                stacktrace = []\n                try:\n                    for frame in st_value:\n                        line = frame.get(\"lineNumber\", \"\")\n                        file = frame.get(\"fileName\", \"<anonymous>\")\n                        if line:\n                            file = f\"{file}:{line}\"\n                        meth = frame.get(\"methodName\", \"<anonymous>\")\n                        if \"className\" in frame:\n                            meth = f\"{frame['className']}.{meth}\"\n                        msg = \"    at %s (%s)\"\n                        msg = msg % (meth, file)\n                        stacktrace.append(msg)\n                except TypeError:\n                    pass\n        if exception_class == UnexpectedAlertPresentException:\n            alert_text = None\n            if \"data\" in value:\n                alert_text = value[\"data\"].get(\"text\")\n            elif \"alert\" in value:\n                alert_text = value[\"alert\"].get(\"text\")\n            raise exception_class(message, screen, stacktrace, alert_text)  # type: ignore[call-arg]  # mypy is not smart enough here\n>       raise exception_class(message, screen, stacktrace)\nE       selenium.common.exceptions.ElementClickInterceptedException: Message: element click intercepted: Element <button type=\"button\" class=\"Modal_modal__close_modified__3V5XS Modal_modal__close__TnseK\">...</button> is not clickable at point (1258, 211). Other element would receive the click: <div class=\"Modal_modal_overlay__x2ZCr\"></div>\nE         (Session info: chrome=126.0.6478.183)\nE       Stacktrace:\nE       \tGetHandleVerifier [0x00007FF65B96EEB2+31554]\nE       \t(No symbol) [0x00007FF65B8E7EE9]\nE       \t(No symbol) [0x00007FF65B7A872A]\nE       \t(No symbol) [0x00007FF65B80012E]\nE       \t(No symbol) [0x00007FF65B7FDAF2]\nE       \t(No symbol) [0x00007FF65B7FAF8B]\nE       \t(No symbol) [0x00007FF65B7FA156]\nE       \t(No symbol) [0x00007FF65B7EC151]\nE       \t(No symbol) [0x00007FF65B81D02A]\nE       \t(No symbol) [0x00007FF65B7EBA76]\nE       \t(No symbol) [0x00007FF65B81D240]\nE       \t(No symbol) [0x00007FF65B83C977]\nE       \t(No symbol) [0x00007FF65B81CDD3]\nE       \t(No symbol) [0x00007FF65B7EA33B]\nE       \t(No symbol) [0x00007FF65B7EAED1]\nE       \tGetHandleVerifier [0x00007FF65BC78B2D+3217341]\nE       \tGetHandleVerifier [0x00007FF65BCC5AF3+3532675]\nE       \tGetHandleVerifier [0x00007FF65BCBB0F0+3489152]\nE       \tGetHandleVerifier [0x00007FF65BA1E786+750614]\nE       \t(No symbol) [0x00007FF65B8F376F]\nE       \t(No symbol) [0x00007FF65B8EEB24]\nE       \t(No symbol) [0x00007FF65B8EECB2]\nE       \t(No symbol) [0x00007FF65B8DE17F]\nE       \tBaseThreadInitThunk [0x00007FFA7924257D+29]\nE       \tRtlUserThreadStart [0x00007FFA7A3CAF28+40]\n\n.venv\\Lib\\site-packages\\selenium\\webdriver\\remote\\errorhandler.py:229: ElementClickInterceptedException"}, "steps": [{"name": "Создание заказа", "status": "passed", "steps": [{"name": "Добавление текста в элемент", "status": "passed", "steps": [{"name": "Поиск элемента с задержкой", "status": "passed", "parameters": [{"name": "locator", "value": "('xpath', \".//input[@class = 'text input__textfield text_type_main-default' and  @name = 'name']\")"}], "start": 1721953650858, "stop": 1721953654976}], "parameters": [{"name": "locator", "value": "('xpath', \".//input[@class = 'text input__textfield text_type_main-default' and  @name = 'name']\")"}, {"name": "text", "value": "'test-user_21@ya.ru'"}], "start": 1721953650858, "stop": 1721953655041}, {"name": "Добавление текста в элемент", "status": "passed", "steps": [{"name": "Поиск элемента с задержкой", "status": "passed", "parameters": [{"name": "locator", "value": "('xpath', \".//input[@name = 'Пароль']\")"}], "start": 1721953655041, "stop": 1721953655059}], "parameters": [{"name": "locator", "value": "('xpath', \".//input[@name = 'Пароль']\")"}, {"name": "text", "value": "'12345'"}], "start": 1721953655041, "stop": 1721953655094}, {"name": "Клик по элементу", "status": "passed", "parameters": [{"name": "locator", "value": "('xpath', \".//button[text() = 'Войти']\")"}], "start": 1721953655094, "stop": 1721953655135}, {"name": "Клик по элементу", "status": "passed", "parameters": [{"name": "locator", "value": "('xpath', \".//button[text() = 'Войти']\")"}], "start": 1721953655135, "stop": 1721953655174}, {"name": "Зажать элемент и перенести на нужное место", "status": "passed", "steps": [{"name": "Поиск элемента с задержкой", "status": "passed", "parameters": [{"name": "locator", "value": "('xpath', \"//a[contains(@class, 'BurgerIngredient_ingredient_')][1]\")"}], "start": 1721953655174, "stop": 1721953655697}, {"name": "Поиск элемента с задержкой", "status": "passed", "parameters": [{"name": "locator", "value": "('xpath', \".//div[@class = 'constructor-element constructor-element_pos_top']\")"}], "start": 1721953655697, "stop": 1721953655714}], "parameters": [{"name": "source_locator", "value": "('xpath', \"//a[contains(@class, 'BurgerIngredient_ingredient_')][1]\")"}, {"name": "target_locator", "value": "('xpath', \".//div[@class = 'constructor-element constructor-element_pos_top']\")"}], "start": 1721953655174, "stop": 1721953656249}, {"name": "Клик по элементу", "status": "passed", "parameters": [{"name": "locator", "value": "('xpath', \".//button[text() = 'Оформить заказ']\")"}], "start": 1721953656250, "stop": 1721953656291}, {"name": "Ожидание статуса заказа во всплывающем окне после создания заказа", "status": "passed", "steps": [{"name": "Поиск элемента с задержкой", "status": "passed", "parameters": [{"name": "locator", "value": "('xpath', \".//p[text() = 'Ваш заказ начали готовить']\")"}], "start": 1721953656291, "stop": 1721953656311}], "start": 1721953656291, "stop": 1721953656311}], "start": 1721953650474, "stop": 1721953656311}, {"name": "Получение номера заказа из истории заказов пользователя", "status": "broken", "statusDetails": {"message": "selenium.common.exceptions.ElementClickInterceptedException: Message: element click intercepted: Element <button type=\"button\" class=\"Modal_modal__close_modified__3V5XS Modal_modal__close__TnseK\">...</button> is not clickable at point (1258, 211). Other element would receive the click: <div class=\"Modal_modal_overlay__x2ZCr\"></div>\n  (Session info: chrome=126.0.6478.183)\nStacktrace:\n\tGetHandleVerifier [0x00007FF65B96EEB2+31554]\n\t(No symbol) [0x00007FF65B8E7EE9]\n\t(No symbol) [0x00007FF65B7A872A]\n\t(No symbol) [0x00007FF65B80012E]\n\t(No symbol) [0x00007FF65B7FDAF2]\n\t(No symbol) [0x00007FF65B7FAF8B]\n\t(No symbol) [0x00007FF65B7FA156]\n\t(No symbol) [0x00007FF65B7EC151]\n\t(No symbol) [0x00007FF65B81D02A]\n\t(No symbol) [0x00007FF65B7EBA76]\n\t(No symbol) [0x00007FF65B81D240]\n\t(No symbol) [0x00007FF65B83C977]\n\t(No symbol) [0x00007FF65B81CDD3]\n\t(No symbol) [0x00007FF65B7EA33B]\n\t(No symbol) [0x00007FF65B7EAED1]\n\tGetHandleVerifier [0x00007FF65BC78B2D+3217341]\n\tGetHandleVerifier [0x00007FF65BCC5AF3+3532675]\n\tGetHandleVerifier [0x00007FF65BCBB0F0+3489152]\n\tGetHandleVerifier [0x00007FF65BA1E786+750614]\n\t(No symbol) [0x00007FF65B8F376F]\n\t(No symbol) [0x00007FF65B8EEB24]\n\t(No symbol) [0x00007FF65B8EECB2]\n\t(No symbol) [0x00007FF65B8DE17F]\n\tBaseThreadInitThunk [0x00007FFA7924257D+29]\n\tRtlUserThreadStart [0x00007FFA7A3CAF28+40]\n\n", "trace": "  File \"C:\\Users\\kemer\\Diplom\\Diplom_3\\.venv\\Lib\\site-packages\\allure_commons\\_allure.py\", line 192, in impl\n    return func(*a, **kw)\n           ^^^^^^^^^^^^^^\n  File \"C:\\Users\\kemer\\Diplom\\Diplom_3\\pages\\order_page.py\", line 44, in search_number_of_order\n    self.click_on_element(OrderPageLocators.EXIT_WINDOW_ORDER_INFORMATION)\n  File \"C:\\Users\\kemer\\Diplom\\Diplom_3\\.venv\\Lib\\site-packages\\allure_commons\\_allure.py\", line 192, in impl\n    return func(*a, **kw)\n           ^^^^^^^^^^^^^^\n  File \"C:\\Users\\kemer\\Diplom\\Diplom_3\\pages\\base_page.py\", line 26, in click_on_element\n    return filter_field.click()\n           ^^^^^^^^^^^^^^^^^^^^\n  File \"C:\\Users\\kemer\\Diplom\\Diplom_3\\.venv\\Lib\\site-packages\\selenium\\webdriver\\remote\\webelement.py\", line 94, in click\n    self._execute(Command.CLICK_ELEMENT)\n  File \"C:\\Users\\kemer\\Diplom\\Diplom_3\\.venv\\Lib\\site-packages\\selenium\\webdriver\\remote\\webelement.py\", line 395, in _execute\n    return self._parent.execute(command, params)\n           ^^^^^^^^^^^^^^^^^^^^^^^^^^^^^^^^^^^^^\n  File \"C:\\Users\\kemer\\Diplom\\Diplom_3\\.venv\\Lib\\site-packages\\selenium\\webdriver\\remote\\webdriver.py\", line 354, in execute\n    self.error_handler.check_response(response)\n  File \"C:\\Users\\kemer\\Diplom\\Diplom_3\\.venv\\Lib\\site-packages\\selenium\\webdriver\\remote\\errorhandler.py\", line 229, in check_response\n    raise exception_class(message, screen, stacktrace)\n"}, "steps": [{"name": "Ожидание пока элемент станет кликабельным", "status": "passed", "parameters": [{"name": "locator", "value": "('xpath', \".//button[@class = 'Modal_modal__close_modified__3V5XS Modal_modal__close__TnseK']\")"}], "start": 1721953656311, "stop": 1721953656326}, {"name": "Поиск элемента с задержкой", "status": "passed", "parameters": [{"name": "locator", "value": "('xpath', \".//button[@class = 'Modal_modal__close_modified__3V5XS Modal_modal__close__TnseK']\")"}], "start": 1721953656326, "stop": 1721953656340}, {"name": "Клик по элементу", "status": "broken", "statusDetails": {"message": "selenium.common.exceptions.ElementClickInterceptedException: Message: element click intercepted: Element <button type=\"button\" class=\"Modal_modal__close_modified__3V5XS Modal_modal__close__TnseK\">...</button> is not clickable at point (1258, 211). Other element would receive the click: <div class=\"Modal_modal_overlay__x2ZCr\"></div>\n  (Session info: chrome=126.0.6478.183)\nStacktrace:\n\tGetHandleVerifier [0x00007FF65B96EEB2+31554]\n\t(No symbol) [0x00007FF65B8E7EE9]\n\t(No symbol) [0x00007FF65B7A872A]\n\t(No symbol) [0x00007FF65B80012E]\n\t(No symbol) [0x00007FF65B7FDAF2]\n\t(No symbol) [0x00007FF65B7FAF8B]\n\t(No symbol) [0x00007FF65B7FA156]\n\t(No symbol) [0x00007FF65B7EC151]\n\t(No symbol) [0x00007FF65B81D02A]\n\t(No symbol) [0x00007FF65B7EBA76]\n\t(No symbol) [0x00007FF65B81D240]\n\t(No symbol) [0x00007FF65B83C977]\n\t(No symbol) [0x00007FF65B81CDD3]\n\t(No symbol) [0x00007FF65B7EA33B]\n\t(No symbol) [0x00007FF65B7EAED1]\n\tGetHandleVerifier [0x00007FF65BC78B2D+3217341]\n\tGetHandleVerifier [0x00007FF65BCC5AF3+3532675]\n\tGetHandleVerifier [0x00007FF65BCBB0F0+3489152]\n\tGetHandleVerifier [0x00007FF65BA1E786+750614]\n\t(No symbol) [0x00007FF65B8F376F]\n\t(No symbol) [0x00007FF65B8EEB24]\n\t(No symbol) [0x00007FF65B8EECB2]\n\t(No symbol) [0x00007FF65B8DE17F]\n\tBaseThreadInitThunk [0x00007FFA7924257D+29]\n\tRtlUserThreadStart [0x00007FFA7A3CAF28+40]\n\n", "trace": "  File \"C:\\Users\\kemer\\Diplom\\Diplom_3\\.venv\\Lib\\site-packages\\allure_commons\\_allure.py\", line 192, in impl\n    return func(*a, **kw)\n           ^^^^^^^^^^^^^^\n  File \"C:\\Users\\kemer\\Diplom\\Diplom_3\\pages\\base_page.py\", line 26, in click_on_element\n    return filter_field.click()\n           ^^^^^^^^^^^^^^^^^^^^\n  File \"C:\\Users\\kemer\\Diplom\\Diplom_3\\.venv\\Lib\\site-packages\\selenium\\webdriver\\remote\\webelement.py\", line 94, in click\n    self._execute(Command.CLICK_ELEMENT)\n  File \"C:\\Users\\kemer\\Diplom\\Diplom_3\\.venv\\Lib\\site-packages\\selenium\\webdriver\\remote\\webelement.py\", line 395, in _execute\n    return self._parent.execute(command, params)\n           ^^^^^^^^^^^^^^^^^^^^^^^^^^^^^^^^^^^^^\n  File \"C:\\Users\\kemer\\Diplom\\Diplom_3\\.venv\\Lib\\site-packages\\selenium\\webdriver\\remote\\webdriver.py\", line 354, in execute\n    self.error_handler.check_response(response)\n  File \"C:\\Users\\kemer\\Diplom\\Diplom_3\\.venv\\Lib\\site-packages\\selenium\\webdriver\\remote\\errorhandler.py\", line 229, in check_response\n    raise exception_class(message, screen, stacktrace)\n"}, "parameters": [{"name": "locator", "value": "('xpath', \".//button[@class = 'Modal_modal__close_modified__3V5XS Modal_modal__close__TnseK']\")"}], "start": 1721953656340, "stop": 1721953657383}], "start": 1721953656311, "stop": 1721953657384}], "parameters": [{"name": "driver", "value": "'chrome'"}], "start": 1721953650474, "stop": 1721953657385, "uuid": "fd021f3a-7e03-4b75-9421-72c6d35033ab", "historyId": "d73e399cffeca592fd27c79e09e52986", "testCaseId": "4e35fa5ffb0262ff8b8d541727a554da", "fullName": "tests.test_order_page.TestOrderPage#test_put_user_order_to_order_list", "labels": [{"name": "parentSuite", "value": "tests"}, {"name": "suite", "value": "test_order_page"}, {"name": "subSuite", "value": "TestOrderPage"}, {"name": "host", "value": "googlas_huawei"}, {"name": "thread", "value": "37000-MainThread"}, {"name": "framework", "value": "pytest"}, {"name": "language", "value": "cpython3"}, {"name": "package", "value": "tests.test_order_page"}]}